<?xml version="1.0" encoding="UTF-8"?>
<!-- Generated by org.testng.reporters.JUnitXMLReporter -->
<testsuite ignored="0" hostname="LAPTOP-DGUP2R51" failures="0" tests="6" name="Default test" time="37.347" errors="0" timestamp="2021-09-02T17:01:22 IST">
  <testcase classname="com.Hybridframework.runner.Runner" name="testdata" time="5.672"/>
  <testcase classname="com.Hybridframework.runner.Runner" name="testdata" time="4.949"/>
  <testcase classname="com.Hybridframework.runner.Runner" name="testdata" time="5.707"/>
  <testcase classname="com.Hybridframework.runner.Runner" name="validatingtitle" time="2.544"/>
  <testcase classname="com.Hybridframework.runner.Runner" name="validateitem" time="10.332"/>
  <testcase classname="com.Hybridframework.runner.Runner" name="signinclick" time="2.364"/>
</testsuite> <!-- Default test -->
