<?xml version="1.0" encoding="UTF-8"?>
<!-- Generated by org.testng.reporters.JUnitXMLReporter -->
<testsuite hostname="LAPTOP-DGUP2R51" ignored="0" name="runner" tests="6" failures="0" timestamp="2021-09-08T15:35:50 IST" time="208.65" errors="0">
  <testcase name="testdata" time="45.951" classname="com.Hybridframework.runner.Runner"/>
  <testcase name="testdata" time="13.951" classname="com.Hybridframework.runner.Runner"/>
  <testcase name="testdata" time="7.385" classname="com.Hybridframework.runner.Runner"/>
  <testcase name="validatingtitle" time="10.954" classname="com.Hybridframework.runner.Runner"/>
  <testcase name="validateitem" time="63.58" classname="com.Hybridframework.runner.Runner"/>
  <testcase name="signinclick" time="2.786" classname="com.Hybridframework.runner.Runner"/>
</testsuite> <!-- runner -->
