<?xml version="1.0" encoding="UTF-8"?>
<!-- Generated by org.testng.reporters.JUnitXMLReporter -->
<testsuite ignored="0" hostname="LAPTOP-DGUP2R51" failures="0" tests="1" name=" validatetitle" time="0.094" errors="0" timestamp="2021-08-24T12:25:47 IST">
  <testcase classname="com.Hybridframework.runner.validatetitle" name="@BeforeTest intilizedriver" time="0.015">
    <failure type="java.lang.NullPointerException" message="Cannot invoke &amp;quot;org.openqa.selenium.WebDriver.get(String)&amp;quot; because &amp;quot;com.Hybridframework.runner.validatetitle.driver&amp;quot; is null">
      <![CDATA[java.lang.NullPointerException: Cannot invoke "org.openqa.selenium.WebDriver.get(String)" because "com.Hybridframework.runner.validatetitle.driver" is null
at com.Hybridframework.runner.validatetitle.intilizedriver(validatetitle.java:19)
... Removed 24 stack frames]]>
    </failure>
  </testcase> <!-- @BeforeTest intilizedriver -->
  <testcase classname="com.Hybridframework.runner.validatetitle" name="@AfterTest close" time="-1.629788147705E9">
    <skipped/>
  </testcase> <!-- @AfterTest close -->
  <testcase classname="com.Hybridframework.runner.validatetitle" name="validatetitle" time="0.0">
    <skipped/>
  </testcase> <!-- validatetitle -->
</testsuite> <!--  validatetitle -->
