<?xml version="1.0" encoding="UTF-8"?>
<!-- Generated by org.testng.reporters.JUnitXMLReporter -->
<testsuite ignored="0" hostname="LAPTOP-DGUP2R51" failures="0" tests="3" name="searchbox" time="26.417" errors="0" timestamp="2021-08-31T16:59:20 IST">
  <testcase classname="com.Hybridframework.runner.ValidateExcelData" name="testdata" time="4.98"/>
  <testcase classname="com.Hybridframework.runner.ValidateExcelData" name="testdata" time="6.191"/>
  <testcase classname="com.Hybridframework.runner.ValidateExcelData" name="testdata" time="9.739"/>
</testsuite> <!-- searchbox -->
